21:07:47 2023-05-11 [INFO] Starting InterSystems IRIS instance IRIS...
21:07:49 2023-05-11 [INFO] Starting Control Process
Global buffer setting requires attention.  Auto-selected 25% of total memory.
Allocated 2674MB shared memory
1962MB global buffers, 196MB routine buffers
This copy of InterSystems IRIS has been licensed for use exclusively by:
InterSystems IRIS Community
Copyright (c) 1986-2023 by InterSystems Corporation
Any other use is a violation of your license agreement

1 alert(s) during startup. See messages.log for details.
Starting IRIS


21:07:49 2023-05-11 [INFO] ...started InterSystems IRIS instance IRIS
21:07:49 2023-05-11 [INFO] Executing command /docker-entrypoint.sh iris-after-start ...
21:07:49 2023-05-11 [INFO] 
/docker-entrypoint.sh: ignoring /docker-entrypoint-initdb.d/*


21:07:49 2023-05-11 [INFO] ...executed command /docker-entrypoint.sh iris-after-start 
21:22:20 2023-05-11 [INFO] Starting InterSystems IRIS instance IRIS...
21:22:22 2023-05-11 [INFO] Starting Control Process
Global buffer setting requires attention.  Auto-selected 25% of total memory.
Allocated 2674MB shared memory
1962MB global buffers, 196MB routine buffers
This copy of InterSystems IRIS has been licensed for use exclusively by:
InterSystems IRIS Community
Copyright (c) 1986-2023 by InterSystems Corporation
Any other use is a violation of your license agreement

1 alert(s) during startup. See messages.log for details.
Starting IRIS


21:22:22 2023-05-11 [INFO] ...started InterSystems IRIS instance IRIS
21:22:22 2023-05-11 [INFO] Executing command /docker-entrypoint.sh iris-after-start ...
21:22:22 2023-05-11 [INFO] 
/docker-entrypoint.sh: ignoring /docker-entrypoint-initdb.d/*


21:22:22 2023-05-11 [INFO] ...executed command /docker-entrypoint.sh iris-after-start 
